<?xml version="1.0" encoding="UTF-8"?>
<!-- Generated by org.testng.reporters.JUnitReportReporter -->
<testsuite hostname="INSPIRON" failures="0" tests="3" name="com.selenium.Tests.loginFunctionality" time="125.049" errors="0" timestamp="2022-04-23T14:14:52 BST" skipped="0">
  <testcase classname="com.selenium.Tests.loginFunctionality" name="loginTest" time="21.266"/>
  <system-out/>
  <testcase classname="com.selenium.Tests.loginFunctionality" name="loginTest" time="16.427"/>
  <system-out/>
  <testcase classname="com.selenium.Tests.loginFunctionality" name="loginTest" time="87.356"/>
  <system-out/>
</testsuite> <!-- com.selenium.Tests.loginFunctionality -->
