<?xml version="1.0" encoding="UTF-8"?>
<!-- Generated by org.testng.reporters.JUnitReportReporter -->
<testsuite hostname="INSPIRON" failures="0" tests="4" name="Task1.Scen_LoginSuccessful" time="3.125" errors="0" timestamp="2022-04-21T17:15:33 BST" skipped="0">
  <testcase classname="Task1.Scen_LoginSuccessful" name="checkLoginSuccessful" time="0.187"/>
  <system-out/>
  <testcase classname="Task1.Scen_LoginSuccessful" name="checkLoginSuccessful" time="0.190"/>
  <system-out/>
  <testcase classname="Task1.Scen_LoginSuccessful" name="checkLoginSuccessful" time="0.192"/>
  <system-out/>
  <testcase classname="Task1.Scen_LoginSuccessful" name="checkLoginSuccessful" time="2.556"/>
  <system-out/>
</testsuite> <!-- Task1.Scen_LoginSuccessful -->
