<?xml version="1.0" encoding="UTF-8"?>
<!-- Generated by org.testng.reporters.JUnitReportReporter -->
<testsuite hostname="INSPIRON" failures="0" tests="4" name="com.restAssured.Task1Tests.Scen_LoginSuccessful" time="0.943" errors="0" timestamp="2022-04-23T14:12:22 BST" skipped="0">
  <testcase classname="com.restAssured.Task1Tests.Scen_LoginSuccessful" name="loginRequest" time="0.214"/>
  <system-out/>
  <testcase classname="com.restAssured.Task1Tests.Scen_LoginSuccessful" name="loginRequest" time="0.193"/>
  <system-out/>
  <testcase classname="com.restAssured.Task1Tests.Scen_LoginSuccessful" name="loginRequest" time="0.229"/>
  <system-out/>
  <testcase classname="com.restAssured.Task1Tests.Scen_LoginSuccessful" name="loginRequest" time="0.307"/>
  <system-out/>
</testsuite> <!-- com.restAssured.Task1Tests.Scen_LoginSuccessful -->
