<?xml version="1.0" encoding="UTF-8"?>
<!-- Generated by org.testng.reporters.JUnitReportReporter -->
<testsuite hostname="INSPIRON" failures="0" tests="4" name="com.Task1Tests.Scen_LoginSuccessful" time="0.863" errors="0" timestamp="2022-04-21T23:51:26 BST" skipped="0">
  <testcase classname="com.Task1Tests.Scen_LoginSuccessful" name="loginRequest" time="0.204"/>
  <system-out/>
  <testcase classname="com.Task1Tests.Scen_LoginSuccessful" name="loginRequest" time="0.181"/>
  <system-out/>
  <testcase classname="com.Task1Tests.Scen_LoginSuccessful" name="loginRequest" time="0.294"/>
  <system-out/>
  <testcase classname="com.Task1Tests.Scen_LoginSuccessful" name="loginRequest" time="0.184"/>
  <system-out/>
</testsuite> <!-- com.Task1Tests.Scen_LoginSuccessful -->
