<?xml version="1.0" encoding="UTF-8"?>
<!-- Generated by org.testng.reporters.JUnitReportReporter -->
<testsuite hostname="INSPIRON" failures="0" tests="1" name="com.Task1Tests.Scen_ListResource" time="1.822" errors="0" timestamp="2022-04-21T23:51:26 BST" skipped="0">
  <testcase classname="com.Task1Tests.Scen_ListResource" name="validateResponse" time="1.822"/>
  <system-out/>
</testsuite> <!-- com.Task1Tests.Scen_ListResource -->
