<?xml version="1.0" encoding="UTF-8"?>
<!-- Generated by org.testng.reporters.JUnitReportReporter -->
<testsuite hostname="INSPIRON" failures="0" tests="2" name="com.restAssured.Task1Tests.Scen_ListResource" time="1.810" errors="0" timestamp="2022-04-23T14:12:22 BST" skipped="0">
  <testcase classname="com.restAssured.Task1Tests.Scen_ListResource" name="validateResponse" time="1.806"/>
  <system-out/>
  <testcase classname="com.restAssured.Task1Tests.Scen_ListResource" name="validateStatusCode" time="0.004"/>
  <system-out/>
</testsuite> <!-- com.restAssured.Task1Tests.Scen_ListResource -->
