<?xml version="1.0" encoding="UTF-8"?>
<!-- Generated by org.testng.reporters.JUnitReportReporter -->
<testsuite hostname="INSPIRON" failures="0" tests="4" name="com.restAssured.Task1Tests.Scen_RegisterSuccessful" time="0.810" errors="0" timestamp="2022-04-23T14:12:22 BST" skipped="0">
  <testcase classname="com.restAssured.Task1Tests.Scen_RegisterSuccessful" name="checkRegisterSuccessful" time="0.212"/>
  <system-out/>
  <testcase classname="com.restAssured.Task1Tests.Scen_RegisterSuccessful" name="checkRegisterSuccessful" time="0.226"/>
  <system-out/>
  <testcase classname="com.restAssured.Task1Tests.Scen_RegisterSuccessful" name="checkRegisterSuccessful" time="0.185"/>
  <system-out/>
  <testcase classname="com.restAssured.Task1Tests.Scen_RegisterSuccessful" name="checkRegisterSuccessful" time="0.187"/>
  <system-out/>
</testsuite> <!-- com.restAssured.Task1Tests.Scen_RegisterSuccessful -->
