<?xml version="1.0" encoding="UTF-8"?>
<!-- Generated by org.testng.reporters.JUnitReportReporter -->
<testsuite hostname="INSPIRON" failures="0" tests="4" name="com.Task1Tests.Scen_RegisterSuccessful" time="0.692" errors="0" timestamp="2022-04-21T23:51:26 BST" skipped="0">
  <testcase classname="com.Task1Tests.Scen_RegisterSuccessful" name="checkRegisterSuccessful" time="0.170"/>
  <system-out/>
  <testcase classname="com.Task1Tests.Scen_RegisterSuccessful" name="checkRegisterSuccessful" time="0.190"/>
  <system-out/>
  <testcase classname="com.Task1Tests.Scen_RegisterSuccessful" name="checkRegisterSuccessful" time="0.159"/>
  <system-out/>
  <testcase classname="com.Task1Tests.Scen_RegisterSuccessful" name="checkRegisterSuccessful" time="0.173"/>
  <system-out/>
</testsuite> <!-- com.Task1Tests.Scen_RegisterSuccessful -->
