<?xml version="1.0" encoding="UTF-8"?>
<!-- Generated by org.testng.reporters.JUnitReportReporter -->
<testsuite hostname="INSPIRON" failures="0" tests="1" name="Task1.Scen_ListResource" time="0.216" errors="0" timestamp="2022-04-21T14:02:55 BST" skipped="0">
  <testcase classname="Task1.Scen_ListResource" name="getListOfResource" time="0.216"/>
  <system-out/>
</testsuite> <!-- Task1.Scen_ListResource -->
