<?xml version="1.0" encoding="UTF-8"?>
<!-- Generated by org.testng.reporters.JUnitReportReporter -->
<testsuite hostname="INSPIRON" failures="0" tests="4" name="Task1.Scen_RegisterSuccessful" time="3.164" errors="0" timestamp="2022-04-21T17:31:09 BST" skipped="0">
  <testcase classname="Task1.Scen_RegisterSuccessful" name="checkRegisterSuccessful" time="0.181"/>
  <system-out/>
  <testcase classname="Task1.Scen_RegisterSuccessful" name="checkRegisterSuccessful" time="0.216"/>
  <system-out/>
  <testcase classname="Task1.Scen_RegisterSuccessful" name="checkRegisterSuccessful" time="2.549"/>
  <system-out/>
  <testcase classname="Task1.Scen_RegisterSuccessful" name="checkRegisterSuccessful" time="0.218"/>
  <system-out/>
</testsuite> <!-- Task1.Scen_RegisterSuccessful -->
